<?xml version="1.0" encoding="UTF-8"?>
<testsuite xmlns:xsi="http://www.w3.org/2001/XMLSchema-instance" xsi:schemaLocation="https://maven.apache.org/surefire/maven-surefire-plugin/xsd/surefire-test-report.xsd" name="TestSuite" time="15.693" tests="6" errors="0" skipped="5" failures="1">
  <properties>
[...]
</properties>
  <testcase name="beforeClass" classname="tests.PipeDriveDealVerificationSuite" time="14.389">
    <failure message="unknown error: unexpected command response&#10;  (Session info: chrome=103.0.5060.66)&#10;Build info: version: &apos;4.2.1&apos;, revision: &apos;ac4d0fdd4a&apos;&#10;System info: host: &apos;LKSRIWL-89LVZF2&apos;, ip: &apos;172.30.160.1&apos;, os.name: &apos;Windows 10&apos;, os.arch: &apos;amd64&apos;, os.version: &apos;10.0&apos;, java.version: &apos;11.0.11&apos;&#10;Driver info: org.openqa.selenium.chrome.ChromeDriver&#10;Command: [31d18550740353aae6e1501ab9b6eb52, clickElement {id=b28d9b15-6ba5-49ea-a47f-30d6fdcd449c}]&#10;Capabilities {acceptInsecureCerts: false, browserName: chrome, browserVersion: 103.0.5060.66, chrome: {chromedriverVersion: 103.0.5060.53 (a1711811edd7..., userDataDir: C:\Users\Unirora\AppData\Lo...}, goog:chromeOptions: {debuggerAddress: localhost:57425}, networkConnectionEnabled: false, pageLoadStrategy: normal, platformName: WINDOWS, proxy: Proxy(), se:cdp: ws://localhost:57425/devtoo..., se:cdpVersion: 103.0.5060.66, setWindowRect: true, strictFileInteractability: false, timeouts: {implicit: 0, pageLoad: 300000, script: 30000}, unhandledPromptBehavior: dismiss and notify, webauthn:extension:credBlob: true, webauthn:extension:largeBlob: true, webauthn:virtualAuthenticators: true}&#10;Element: [[ChromeDriver: chrome on WINDOWS (31d18550740353aae6e1501ab9b6eb52)] -&gt; name: submit]&#10;Session ID: 31d18550740353aae6e1501ab9b6eb52" type="org.openqa.selenium.WebDriverException">org.openqa.selenium.WebDriverException: 
unknown error: unexpected command response
  (Session info: chrome=103.0.5060.66)
Build info: version: '4.2.1', revision: 'ac4d0fdd4a'
System info: host: 'LKSRIWL-89LVZF2', ip: '172.30.160.1', os.name: 'Windows 10', os.arch: 'amd64', os.version: '10.0', java.version: '11.0.11'
Driver info: org.openqa.selenium.chrome.ChromeDriver
Command: [31d18550740353aae6e1501ab9b6eb52, clickElement {id=b28d9b15-6ba5-49ea-a47f-30d6fdcd449c}]
Capabilities {acceptInsecureCerts: false, browserName: chrome, browserVersion: 103.0.5060.66, chrome: {chromedriverVersion: 103.0.5060.53 (a1711811edd7..., userDataDir: C:\Users\Unirora\AppData\Lo...}, goog:chromeOptions: {debuggerAddress: localhost:57425}, networkConnectionEnabled: false, pageLoadStrategy: normal, platformName: WINDOWS, proxy: Proxy(), se:cdp: ws://localhost:57425/devtoo..., se:cdpVersion: 103.0.5060.66, setWindowRect: true, strictFileInteractability: false, timeouts: {implicit: 0, pageLoad: 300000, script: 30000}, unhandledPromptBehavior: dismiss and notify, webauthn:extension:credBlob: true, webauthn:extension:largeBlob: true, webauthn:virtualAuthenticators: true}
Element: [[ChromeDriver: chrome on WINDOWS (31d18550740353aae6e1501ab9b6eb52)] -> name: submit]
Session ID: 31d18550740353aae6e1501ab9b6eb52
	at tests.PipeDriveDealVerificationSuite.beforeClass(PipeDriveDealVerificationSuite.java:110)
</failure>
    <system-err><![CDATA[SLF4J: Failed to load class "org.slf4j.impl.StaticLoggerBinder".
SLF4J: Defaulting to no-operation (NOP) logger implementation
SLF4J: See http://www.slf4j.org/codes.html#StaticLoggerBinder for further details.
Starting ChromeDriver 103.0.5060.53 (a1711811edd74ff1cf2150f36ffa3b0dae40b17f-refs/branch-heads/5060@{#853}) on port 58578
Only local connections are allowed.
Please see https://chromedriver.chromium.org/security-considerations for suggestions on keeping ChromeDriver safe.
ChromeDriver was started successfully.
Jul 04, 2022 9:09:57 AM org.openqa.selenium.remote.ProtocolHandshake createSession
INFO: Detected upstream dialect: W3C
Jul 04, 2022 9:09:57 AM org.openqa.selenium.devtools.CdpVersionFinder findNearestMatch
WARNING: Unable to find an exact match for CDP version 103, so returning the closest version found: 102
Jul 04, 2022 9:09:57 AM org.openqa.selenium.devtools.CdpVersionFinder findNearestMatch
INFO: Found CDP implementation for version 103 of 102
Jul 04, 2022 9:10:00 AM controllers.LoginController getLoginPageFunctions
INFO: Start | getLoginPageFunctions()
Jul 04, 2022 9:10:00 AM functions.LoginPageFunctions loginToPipedrive
INFO: Start | loginToPipedrive()
Jul 04, 2022 9:10:00 AM pageobjects.LandingPage clickOnLoginLink
INFO: Start | clickOnLoginLink()
Jul 04, 2022 9:10:02 AM pageobjects.LoginPage enterEmail
INFO: Start | enterEmail()
Jul 04, 2022 9:10:03 AM pageobjects.LoginPage enterPassword
INFO: Start | enterPassword()
Jul 04, 2022 9:10:03 AM pageobjects.LoginPage clickOnLoginButton
INFO: Start | clickOnLoginButton()
Jul 04, 2022 9:10:05 AM pageobjects.LoginPage clickOnLoginButton
INFO: Fail | clickOnLoginButton()
Jul 04, 2022 9:10:05 AM functions.LoginPageFunctions loginToPipedrive
INFO: Fail | loginToPipedrive()
]]></system-err>
  </testcase>
  <testcase name="cleanUpData" classname="tests.PipeDriveDealVerificationSuite" time="0">
    <skipped message="unknown error: unexpected command response&#10;  (Session info: chrome=103.0.5060.66)&#10;Build info: version: &apos;4.2.1&apos;, revision: &apos;ac4d0fdd4a&apos;&#10;System info: host: &apos;LKSRIWL-89LVZF2&apos;, ip: &apos;172.30.160.1&apos;, os.name: &apos;Windows 10&apos;, os.arch: &apos;amd64&apos;, os.version: &apos;10.0&apos;, java.version: &apos;11.0.11&apos;&#10;Driver info: org.openqa.selenium.chrome.ChromeDriver&#10;Command: [31d18550740353aae6e1501ab9b6eb52, clickElement {id=b28d9b15-6ba5-49ea-a47f-30d6fdcd449c}]&#10;Capabilities {acceptInsecureCerts: false, browserName: chrome, browserVersion: 103.0.5060.66, chrome: {chromedriverVersion: 103.0.5060.53 (a1711811edd7..., userDataDir: C:\Users\Unirora\AppData\Lo...}, goog:chromeOptions: {debuggerAddress: localhost:57425}, networkConnectionEnabled: false, pageLoadStrategy: normal, platformName: WINDOWS, proxy: Proxy(), se:cdp: ws://localhost:57425/devtoo..., se:cdpVersion: 103.0.5060.66, setWindowRect: true, strictFileInteractability: false, timeouts: {implicit: 0, pageLoad: 300000, script: 30000}, unhandledPromptBehavior: dismiss and notify, webauthn:extension:credBlob: true, webauthn:extension:largeBlob: true, webauthn:virtualAuthenticators: true}&#10;Element: [[ChromeDriver: chrome on WINDOWS (31d18550740353aae6e1501ab9b6eb52)] -&gt; name: submit]&#10;Session ID: 31d18550740353aae6e1501ab9b6eb52"/>
  </testcase>
  <testcase name="createAndVerifyDealDetails" classname="tests.PipeDriveDealVerificationSuite" time="0">
    <skipped message="unknown error: unexpected command response&#10;  (Session info: chrome=103.0.5060.66)&#10;Build info: version: &apos;4.2.1&apos;, revision: &apos;ac4d0fdd4a&apos;&#10;System info: host: &apos;LKSRIWL-89LVZF2&apos;, ip: &apos;172.30.160.1&apos;, os.name: &apos;Windows 10&apos;, os.arch: &apos;amd64&apos;, os.version: &apos;10.0&apos;, java.version: &apos;11.0.11&apos;&#10;Driver info: org.openqa.selenium.chrome.ChromeDriver&#10;Command: [31d18550740353aae6e1501ab9b6eb52, clickElement {id=b28d9b15-6ba5-49ea-a47f-30d6fdcd449c}]&#10;Capabilities {acceptInsecureCerts: false, browserName: chrome, browserVersion: 103.0.5060.66, chrome: {chromedriverVersion: 103.0.5060.53 (a1711811edd7..., userDataDir: C:\Users\Unirora\AppData\Lo...}, goog:chromeOptions: {debuggerAddress: localhost:57425}, networkConnectionEnabled: false, pageLoadStrategy: normal, platformName: WINDOWS, proxy: Proxy(), se:cdp: ws://localhost:57425/devtoo..., se:cdpVersion: 103.0.5060.66, setWindowRect: true, strictFileInteractability: false, timeouts: {implicit: 0, pageLoad: 300000, script: 30000}, unhandledPromptBehavior: dismiss and notify, webauthn:extension:credBlob: true, webauthn:extension:largeBlob: true, webauthn:virtualAuthenticators: true}&#10;Element: [[ChromeDriver: chrome on WINDOWS (31d18550740353aae6e1501ab9b6eb52)] -&gt; name: submit]&#10;Session ID: 31d18550740353aae6e1501ab9b6eb52"/>
  </testcase>
  <testcase name="verifyDealCreationWithExistingContact" classname="tests.PipeDriveDealVerificationSuite" time="0">
    <skipped message="unknown error: unexpected command response&#10;  (Session info: chrome=103.0.5060.66)&#10;Build info: version: &apos;4.2.1&apos;, revision: &apos;ac4d0fdd4a&apos;&#10;System info: host: &apos;LKSRIWL-89LVZF2&apos;, ip: &apos;172.30.160.1&apos;, os.name: &apos;Windows 10&apos;, os.arch: &apos;amd64&apos;, os.version: &apos;10.0&apos;, java.version: &apos;11.0.11&apos;&#10;Driver info: org.openqa.selenium.chrome.ChromeDriver&#10;Command: [31d18550740353aae6e1501ab9b6eb52, clickElement {id=b28d9b15-6ba5-49ea-a47f-30d6fdcd449c}]&#10;Capabilities {acceptInsecureCerts: false, browserName: chrome, browserVersion: 103.0.5060.66, chrome: {chromedriverVersion: 103.0.5060.53 (a1711811edd7..., userDataDir: C:\Users\Unirora\AppData\Lo...}, goog:chromeOptions: {debuggerAddress: localhost:57425}, networkConnectionEnabled: false, pageLoadStrategy: normal, platformName: WINDOWS, proxy: Proxy(), se:cdp: ws://localhost:57425/devtoo..., se:cdpVersion: 103.0.5060.66, setWindowRect: true, strictFileInteractability: false, timeouts: {implicit: 0, pageLoad: 300000, script: 30000}, unhandledPromptBehavior: dismiss and notify, webauthn:extension:credBlob: true, webauthn:extension:largeBlob: true, webauthn:virtualAuthenticators: true}&#10;Element: [[ChromeDriver: chrome on WINDOWS (31d18550740353aae6e1501ab9b6eb52)] -&gt; name: submit]&#10;Session ID: 31d18550740353aae6e1501ab9b6eb52"/>
  </testcase>
  <testcase name="verifyProductCreationAndAttachingToDeal" classname="tests.PipeDriveDealVerificationSuite" time="0">
    <skipped message="unknown error: unexpected command response&#10;  (Session info: chrome=103.0.5060.66)&#10;Build info: version: &apos;4.2.1&apos;, revision: &apos;ac4d0fdd4a&apos;&#10;System info: host: &apos;LKSRIWL-89LVZF2&apos;, ip: &apos;172.30.160.1&apos;, os.name: &apos;Windows 10&apos;, os.arch: &apos;amd64&apos;, os.version: &apos;10.0&apos;, java.version: &apos;11.0.11&apos;&#10;Driver info: org.openqa.selenium.chrome.ChromeDriver&#10;Command: [31d18550740353aae6e1501ab9b6eb52, clickElement {id=b28d9b15-6ba5-49ea-a47f-30d6fdcd449c}]&#10;Capabilities {acceptInsecureCerts: false, browserName: chrome, browserVersion: 103.0.5060.66, chrome: {chromedriverVersion: 103.0.5060.53 (a1711811edd7..., userDataDir: C:\Users\Unirora\AppData\Lo...}, goog:chromeOptions: {debuggerAddress: localhost:57425}, networkConnectionEnabled: false, pageLoadStrategy: normal, platformName: WINDOWS, proxy: Proxy(), se:cdp: ws://localhost:57425/devtoo..., se:cdpVersion: 103.0.5060.66, setWindowRect: true, strictFileInteractability: false, timeouts: {implicit: 0, pageLoad: 300000, script: 30000}, unhandledPromptBehavior: dismiss and notify, webauthn:extension:credBlob: true, webauthn:extension:largeBlob: true, webauthn:virtualAuthenticators: true}&#10;Element: [[ChromeDriver: chrome on WINDOWS (31d18550740353aae6e1501ab9b6eb52)] -&gt; name: submit]&#10;Session ID: 31d18550740353aae6e1501ab9b6eb52"/>
  </testcase>
  <testcase name="verifyDealLostWonAndConvert" classname="tests.PipeDriveDealVerificationSuite" time="0">
    <skipped message="unknown error: unexpected command response&#10;  (Session info: chrome=103.0.5060.66)&#10;Build info: version: &apos;4.2.1&apos;, revision: &apos;ac4d0fdd4a&apos;&#10;System info: host: &apos;LKSRIWL-89LVZF2&apos;, ip: &apos;172.30.160.1&apos;, os.name: &apos;Windows 10&apos;, os.arch: &apos;amd64&apos;, os.version: &apos;10.0&apos;, java.version: &apos;11.0.11&apos;&#10;Driver info: org.openqa.selenium.chrome.ChromeDriver&#10;Command: [31d18550740353aae6e1501ab9b6eb52, clickElement {id=b28d9b15-6ba5-49ea-a47f-30d6fdcd449c}]&#10;Capabilities {acceptInsecureCerts: false, browserName: chrome, browserVersion: 103.0.5060.66, chrome: {chromedriverVersion: 103.0.5060.53 (a1711811edd7..., userDataDir: C:\Users\Unirora\AppData\Lo...}, goog:chromeOptions: {debuggerAddress: localhost:57425}, networkConnectionEnabled: false, pageLoadStrategy: normal, platformName: WINDOWS, proxy: Proxy(), se:cdp: ws://localhost:57425/devtoo..., se:cdpVersion: 103.0.5060.66, setWindowRect: true, strictFileInteractability: false, timeouts: {implicit: 0, pageLoad: 300000, script: 30000}, unhandledPromptBehavior: dismiss and notify, webauthn:extension:credBlob: true, webauthn:extension:largeBlob: true, webauthn:virtualAuthenticators: true}&#10;Element: [[ChromeDriver: chrome on WINDOWS (31d18550740353aae6e1501ab9b6eb52)] -&gt; name: submit]&#10;Session ID: 31d18550740353aae6e1501ab9b6eb52"/>
  </testcase>
</testsuite>